# JRE version: OpenJDK Runtime Environment (11.0.11+9) (build 11.0.11+9-b60-7590822)
# Java VM: OpenJDK 64-Bit Server VM (11.0.11+9-b60-7590822, mixed mode, tiered, compressed oops, g1 gc, windows-amd64)
Heap:
 garbage-first heap   total 368640K, used 190252K [0x0000000080000000, 0x0000000100000000)
  region size 1024K, 2 young (2048K), 2 survivors (2048K)
 Metaspace       used 107306K, capacity 110024K, committed 110128K, reserved 1144832K
  class space    used 13390K, capacity 14395K, committed 14464K, reserved 1048576K
GC Heap History (20 events):
Event: 122.622 GC heap after
{Heap after GC invocations=80 (full 0):
 garbage-first heap   total 256000K, used 166540K [0x0000000080000000, 0x0000000100000000)
  region size 1024K, 4 young (4096K), 4 survivors (4096K)
 Metaspace       used 98494K, capacity 100975K, committed 101168K, reserved 1136640K
  class space    used 12164K, capacity 13066K, committed 13184K, reserved 1048576K
}
Event: 124.446 GC heap before
{Heap before GC invocations=81 (full 0):
 garbage-first heap   total 256000K, used 217740K [0x0000000080000000, 0x0000000100000000)
  region size 1024K, 54 young (55296K), 4 survivors (4096K)
 Metaspace       used 98568K, capacity 101047K, committed 101168K, reserved 1136640K
  class space    used 12167K, capacity 13069K, committed 13184K, reserved 1048576K
}
Event: 124.473 GC heap after
{Heap after GC invocations=82 (full 0):
 garbage-first heap   total 256000K, used 168190K [0x0000000080000000, 0x0000000100000000)
  region size 1024K, 6 young (6144K), 6 survivors (6144K)
 Metaspace       used 98568K, capacity 101047K, committed 101168K, reserved 1136640K
  class space    used 12167K, capacity 13069K, committed 13184K, reserved 1048576K
}
Event: 124.598 GC heap before
{Heap before GC invocations=82 (full 0):
 garbage-first heap   total 256000K, used 174334K [0x0000000080000000, 0x0000000100000000)
  region size 1024K, 12 young (12288K), 6 survivors (6144K)
 Metaspace       used 98568K, capacity 101047K, committed 101168K, reserved 1136640K
  class space    used 12167K, capacity 13069K, committed 13184K, reserved 1048576K
}
Event: 124.642 GC heap after
{Heap after GC invocations=83 (full 0):
 garbage-first heap   total 256000K, used 168292K [0x0000000080000000, 0x0000000100000000)
  region size 1024K, 1 young (1024K), 1 survivors (1024K)
 Metaspace       used 98568K, capacity 101047K, committed 101168K, reserved 1136640K
  class space    used 12167K, capacity 13069K, committed 13184K, reserved 1048576K
}
Event: 125.310 GC heap before
{Heap before GC invocations=83 (full 0):
 garbage-first heap   total 256000K, used 219492K [0x0000000080000000, 0x0000000100000000)
  region size 1024K, 51 young (52224K), 1 survivors (1024K)
 Metaspace       used 98577K, capacity 101047K, committed 101168K, reserved 1136640K
  class space    used 12167K, capacity 13069K, committed 13184K, reserved 1048576K
}
Event: 125.326 GC heap after
{Heap after GC invocations=84 (full 0):
 garbage-first heap   total 307200K, used 168654K [0x0000000080000000, 0x0000000100000000)
  region size 1024K, 2 young (2048K), 2 survivors (2048K)
 Metaspace       used 98577K, capacity 101047K, committed 101168K, reserved 1136640K
  class space    used 12167K, capacity 13069K, committed 13184K, reserved 1048576K
}
Event: 126.433 GC heap before
{Heap before GC invocations=84 (full 0):
 garbage-first heap   total 307200K, used 243406K [0x0000000080000000, 0x0000000100000000)
  region size 1024K, 75 young (76800K), 2 survivors (2048K)
 Metaspace       used 98584K, capacity 101048K, committed 101168K, reserved 1136640K
  class space    used 12167K, capacity 13069K, committed 13184K, reserved 1048576K
}
Event: 126.445 GC heap after
{Heap after GC invocations=85 (full 0):
 garbage-first heap   total 307200K, used 170245K [0x0000000080000000, 0x0000000100000000)
  region size 1024K, 3 young (3072K), 3 survivors (3072K)
 Metaspace       used 98584K, capacity 101048K, committed 101168K, reserved 1136640K
  class space    used 12167K, capacity 13069K, committed 13184K, reserved 1048576K
}
Event: 127.957 GC heap before
{Heap before GC invocations=85 (full 0):
 garbage-first heap   total 307200K, used 248069K [0x0000000080000000, 0x0000000100000000)
  region size 1024K, 79 young (80896K), 3 survivors (3072K)
 Metaspace       used 98603K, capacity 101048K, committed 101168K, reserved 1136640K
  class space    used 12167K, capacity 13069K, committed 13184K, reserved 1048576K
}
Event: 127.976 GC heap after
{Heap after GC invocations=86 (full 0):
 garbage-first heap   total 307200K, used 172048K [0x0000000080000000, 0x0000000100000000)
  region size 1024K, 5 young (5120K), 5 survivors (5120K)
 Metaspace       used 98603K, capacity 101048K, committed 101168K, reserved 1136640K
  class space    used 12167K, capacity 13069K, committed 13184K, reserved 1048576K
}
Event: 129.925 GC heap before
{Heap before GC invocations=86 (full 0):
 garbage-first heap   total 307200K, used 251920K [0x0000000080000000, 0x0000000100000000)
  region size 1024K, 82 young (83968K), 5 survivors (5120K)
 Metaspace       used 98663K, capacity 101128K, committed 101424K, reserved 1138688K
  class space    used 12172K, capacity 13074K, committed 13184K, reserved 1048576K
}
Event: 129.948 GC heap after
{Heap after GC invocations=87 (full 0):
 garbage-first heap   total 307200K, used 173718K [0x0000000080000000, 0x0000000100000000)
  region size 1024K, 7 young (7168K), 7 survivors (7168K)
 Metaspace       used 98663K, capacity 101128K, committed 101424K, reserved 1138688K
  class space    used 12172K, capacity 13074K, committed 13184K, reserved 1048576K
}
Event: 131.071 GC heap before
{Heap before GC invocations=87 (full 0):
 garbage-first heap   total 307200K, used 253590K [0x0000000080000000, 0x0000000100000000)
  region size 1024K, 85 young (87040K), 7 survivors (7168K)
 Metaspace       used 99298K, capacity 101777K, committed 101936K, reserved 1138688K
  class space    used 12230K, capacity 13117K, committed 13184K, reserved 1048576K
}
Event: 131.103 GC heap after
{Heap after GC invocations=88 (full 0):
 garbage-first heap   total 307200K, used 176740K [0x0000000080000000, 0x0000000100000000)
  region size 1024K, 8 young (8192K), 8 survivors (8192K)
 Metaspace       used 99298K, capacity 101777K, committed 101936K, reserved 1138688K
  class space    used 12230K, capacity 13117K, committed 13184K, reserved 1048576K
}
Event: 132.756 GC heap before
{Heap before GC invocations=88 (full 0):
 garbage-first heap   total 307200K, used 249444K [0x0000000080000000, 0x0000000100000000)
  region size 1024K, 81 young (82944K), 8 survivors (8192K)
 Metaspace       used 106818K, capacity 109610K, committed 109872K, reserved 1144832K
  class space    used 13340K, capacity 14351K, committed 14464K, reserved 1048576K
}
Event: 132.793 GC heap after
{Heap after GC invocations=89 (full 0):
 garbage-first heap   total 307200K, used 179764K [0x0000000080000000, 0x0000000100000000)
  region size 1024K, 8 young (8192K), 8 survivors (8192K)
 Metaspace       used 106818K, capacity 109610K, committed 109872K, reserved 1144832K
  class space    used 13340K, capacity 14351K, committed 14464K, reserved 1048576K
}
Event: 135.194 GC heap before
{Heap before GC invocations=90 (full 0):
 garbage-first heap   total 307200K, used 263732K [0x0000000080000000, 0x0000000100000000)
  region size 1024K, 85 young (87040K), 8 survivors (8192K)
 Metaspace       used 107306K, capacity 110024K, committed 110128K, reserved 1144832K
  class space    used 13390K, capacity 14395K, committed 14464K, reserved 1048576K
}
Event: 135.259 GC heap after
{Heap after GC invocations=91 (full 0):
 garbage-first heap   total 307200K, used 196091K [0x0000000080000000, 0x0000000100000000)
  region size 1024K, 11 young (11264K), 11 survivors (11264K)
 Metaspace       used 107306K, capacity 110024K, committed 110128K, reserved 1144832K
  class space    used 13390K, capacity 14395K, committed 14464K, reserved 1048576K
}
Event: 135.288 GC heap before
{Heap before GC invocations=91 (full 0):
 garbage-first heap   total 307200K, used 199163K [0x0000000080000000, 0x0000000100000000)
  region size 1024K, 15 young (15360K), 11 survivors (11264K)
 Metaspace       used 107306K, capacity 110024K, committed 110128K, reserved 1144832K
  class space    used 13390K, capacity 14395K, committed 14464K, reserved 1048576K
}

